2026-03-09 08:18:11 | INFO | agendize_bot | Démarrage du monitor de slots.
2026-03-09 08:18:11 | INFO | agendize_bot | 🤖 Bot Agendize démarré.
2026-03-09 08:18:11 | INFO | agendize_bot | Lancement détection avec playwright_network
2026-03-09 08:20:08 | INFO | agendize_bot | Lancement détection avec playwright_network
2026-03-09 08:20:24 | INFO | agendize_bot | Détection terminée | detector=playwright_network | slots=0 | new=0 | disappeared=0
2026-03-09 08:20:35 | INFO | agendize_bot | Lancement détection avec playwright_network
2026-03-09 08:20:51 | INFO | agendize_bot | Détection terminée | detector=playwright_network | slots=0 | new=0 | disappeared=0
2026-03-09 08:22:09 | INFO | agendize_bot | Démarrage du monitor de slots.
2026-03-09 08:22:09 | INFO | agendize_bot | 🤖 Bot Agendize démarré.
2026-03-09 08:22:09 | INFO | agendize_bot | Lancement détection avec playwright_network
2026-03-09 08:22:26 | INFO | agendize_bot | Détection terminée | detector=playwright_network | slots=0 | new=0 | disappeared=0
2026-03-09 08:22:26 | INFO | agendize_bot | Prochaine vérification dans 23 sec.
2026-03-09 08:22:49 | INFO | agendize_bot | Lancement détection avec playwright_network
2026-03-09 08:23:06 | INFO | agendize_bot | Détection terminée | detector=playwright_network | slots=0 | new=0 | disappeared=0
2026-03-09 08:23:06 | INFO | agendize_bot | Prochaine vérification dans 21 sec.
2026-03-09 08:23:27 | INFO | agendize_bot | Lancement détection avec playwright_network
2026-03-09 08:23:42 | INFO | agendize_bot | Détection terminée | detector=playwright_network | slots=0 | new=0 | disappeared=0
2026-03-09 08:23:42 | INFO | agendize_bot | Prochaine vérification dans 23 sec.
2026-03-09 08:24:05 | INFO | agendize_bot | Lancement détection avec playwright_network
2026-03-09 08:24:22 | INFO | agendize_bot | Détection terminée | detector=playwright_network | slots=0 | new=0 | disappeared=0
2026-03-09 08:24:22 | INFO | agendize_bot | Prochaine vérification dans 22 sec.
2026-03-09 08:24:44 | INFO | agendize_bot | Lancement détection avec playwright_network
2026-03-09 08:25:01 | INFO | agendize_bot | Détection terminée | detector=playwright_network | slots=0 | new=0 | disappeared=0
2026-03-09 08:25:01 | INFO | agendize_bot | Prochaine vérification dans 21 sec.
2026-03-09 08:25:22 | INFO | agendize_bot | Lancement détection avec playwright_network
2026-03-09 08:25:38 | INFO | agendize_bot | Détection terminée | detector=playwright_network | slots=0 | new=0 | disappeared=0
2026-03-09 08:25:38 | INFO | agendize_bot | Prochaine vérification dans 23 sec.
2026-03-09 08:26:01 | INFO | agendize_bot | Lancement détection avec playwright_network
2026-03-09 08:26:19 | INFO | agendize_bot | Lancement détection avec playwright_network
2026-03-09 08:26:35 | INFO | agendize_bot | Détection terminée | detector=playwright_network | slots=0 | new=0 | disappeared=0
2026-03-09 08:26:46 | INFO | agendize_bot | Démarrage du monitor de slots.
2026-03-09 08:26:46 | INFO | agendize_bot | 🤖 Bot Agendize démarré.
2026-03-09 08:26:46 | INFO | agendize_bot | Lancement détection avec playwright_network
2026-03-09 08:27:03 | INFO | agendize_bot | Détection terminée | detector=playwright_network | slots=0 | new=0 | disappeared=0
2026-03-09 08:27:03 | INFO | agendize_bot | Prochaine vérification dans 22 sec.
2026-03-09 08:27:25 | INFO | agendize_bot | Lancement détection avec playwright_network
2026-03-09 08:27:42 | INFO | agendize_bot | Détection terminée | detector=playwright_network | slots=0 | new=0 | disappeared=0
2026-03-09 08:27:42 | INFO | agendize_bot | Prochaine vérification dans 22 sec.
2026-03-09 08:28:04 | INFO | agendize_bot | Lancement détection avec playwright_network
2026-03-09 08:28:21 | INFO | agendize_bot | Détection terminée | detector=playwright_network | slots=0 | new=0 | disappeared=0
2026-03-09 08:28:21 | INFO | agendize_bot | Prochaine vérification dans 20 sec.
2026-03-09 08:28:41 | INFO | agendize_bot | Lancement détection avec playwright_network
2026-03-09 08:28:57 | INFO | agendize_bot | Détection terminée | detector=playwright_network | slots=0 | new=0 | disappeared=0
2026-03-09 08:28:57 | INFO | agendize_bot | Prochaine vérification dans 22 sec.
2026-03-09 08:29:19 | INFO | agendize_bot | Lancement détection avec playwright_network
2026-03-09 08:29:36 | INFO | agendize_bot | Détection terminée | detector=playwright_network | slots=0 | new=0 | disappeared=0
2026-03-09 08:29:36 | INFO | agendize_bot | Prochaine vérification dans 23 sec.
2026-03-09 08:29:59 | INFO | agendize_bot | Lancement détection avec playwright_network
2026-03-09 08:30:14 | INFO | agendize_bot | Détection terminée | detector=playwright_network | slots=0 | new=0 | disappeared=0
2026-03-09 08:30:14 | INFO | agendize_bot | Prochaine vérification dans 20 sec.
2026-03-09 08:30:35 | INFO | agendize_bot | Lancement détection avec playwright_network
2026-03-09 08:30:53 | INFO | agendize_bot | Détection terminée | detector=playwright_network | slots=0 | new=0 | disappeared=0
2026-03-09 08:30:53 | INFO | agendize_bot | Prochaine vérification dans 23 sec.
2026-03-09 08:31:16 | INFO | agendize_bot | Lancement détection avec playwright_network
2026-03-09 08:31:33 | INFO | agendize_bot | Détection terminée | detector=playwright_network | slots=0 | new=0 | disappeared=0
2026-03-09 08:31:33 | INFO | agendize_bot | Prochaine vérification dans 21 sec.
2026-03-09 08:31:54 | INFO | agendize_bot | Lancement détection avec playwright_network
2026-03-09 08:32:11 | INFO | agendize_bot | Détection terminée | detector=playwright_network | slots=0 | new=0 | disappeared=0
2026-03-09 08:32:11 | INFO | agendize_bot | Prochaine vérification dans 20 sec.
2026-03-09 08:32:31 | INFO | agendize_bot | Lancement détection avec playwright_network
2026-03-09 08:32:48 | INFO | agendize_bot | Détection terminée | detector=playwright_network | slots=0 | new=0 | disappeared=0
2026-03-09 08:32:48 | INFO | agendize_bot | Prochaine vérification dans 20 sec.
2026-03-09 08:33:08 | INFO | agendize_bot | Lancement détection avec playwright_network
2026-03-09 08:33:24 | INFO | agendize_bot | Détection terminée | detector=playwright_network | slots=0 | new=0 | disappeared=0
2026-03-09 08:33:24 | INFO | agendize_bot | Prochaine vérification dans 23 sec.
2026-03-09 08:33:47 | INFO | agendize_bot | Lancement détection avec playwright_network
2026-03-09 08:34:03 | INFO | agendize_bot | Détection terminée | detector=playwright_network | slots=0 | new=0 | disappeared=0
2026-03-09 08:34:03 | INFO | agendize_bot | Prochaine vérification dans 23 sec.
2026-03-09 08:34:26 | INFO | agendize_bot | Lancement détection avec playwright_network
2026-03-09 08:34:42 | INFO | agendize_bot | Détection terminée | detector=playwright_network | slots=0 | new=0 | disappeared=0
2026-03-09 08:34:42 | INFO | agendize_bot | Prochaine vérification dans 20 sec.
2026-03-09 08:35:02 | INFO | agendize_bot | Lancement détection avec playwright_network
2026-03-09 08:35:18 | INFO | agendize_bot | Détection terminée | detector=playwright_network | slots=0 | new=0 | disappeared=0
2026-03-09 08:35:18 | INFO | agendize_bot | Prochaine vérification dans 22 sec.
2026-03-09 08:35:30 | INFO | agendize_bot | Démarrage du monitor de slots.
2026-03-09 08:35:30 | INFO | agendize_bot | 🤖 Bot Agendize démarré.
2026-03-09 08:35:30 | INFO | agendize_bot | Lancement détection avec playwright_network
2026-03-09 08:35:40 | INFO | agendize_bot | Détection terminée | detector=playwright_network | slots=0 | new=0 | disappeared=0
2026-03-09 08:35:40 | INFO | agendize_bot | Prochaine vérification dans 20 sec.
2026-03-09 08:36:00 | INFO | agendize_bot | Lancement détection avec playwright_network
2026-03-09 08:36:10 | INFO | agendize_bot | Détection terminée | detector=playwright_network | slots=0 | new=0 | disappeared=0
2026-03-09 08:36:10 | INFO | agendize_bot | Prochaine vérification dans 21 sec.
2026-03-09 08:36:31 | INFO | agendize_bot | Lancement détection avec playwright_network
2026-03-09 08:36:43 | INFO | agendize_bot | Détection terminée | detector=playwright_network | slots=0 | new=0 | disappeared=0
2026-03-09 08:36:43 | INFO | agendize_bot | Prochaine vérification dans 20 sec.
2026-03-09 08:37:03 | INFO | agendize_bot | Lancement détection avec playwright_network
2026-03-09 08:37:14 | INFO | agendize_bot | Détection terminée | detector=playwright_network | slots=0 | new=0 | disappeared=0
2026-03-09 08:37:14 | INFO | agendize_bot | Prochaine vérification dans 21 sec.
2026-03-09 08:37:35 | INFO | agendize_bot | Lancement détection avec playwright_network
2026-03-09 08:37:45 | INFO | agendize_bot | Détection terminée | detector=playwright_network | slots=0 | new=0 | disappeared=0
2026-03-09 08:37:45 | INFO | agendize_bot | Prochaine vérification dans 21 sec.
2026-03-09 08:38:06 | INFO | agendize_bot | Lancement détection avec playwright_network
2026-03-09 08:38:15 | INFO | agendize_bot | Détection terminée | detector=playwright_network | slots=0 | new=0 | disappeared=0
2026-03-09 08:38:15 | INFO | agendize_bot | Prochaine vérification dans 23 sec.
2026-03-09 08:38:38 | INFO | agendize_bot | Lancement détection avec playwright_network
2026-03-09 08:38:48 | INFO | agendize_bot | Détection terminée | detector=playwright_network | slots=0 | new=0 | disappeared=0
2026-03-09 08:38:48 | INFO | agendize_bot | Prochaine vérification dans 22 sec.
2026-03-09 08:39:10 | INFO | agendize_bot | Lancement détection avec playwright_network
2026-03-09 08:39:21 | INFO | agendize_bot | Détection terminée | detector=playwright_network | slots=0 | new=0 | disappeared=0
2026-03-09 08:39:21 | INFO | agendize_bot | Prochaine vérification dans 20 sec.
2026-03-09 08:39:41 | INFO | agendize_bot | Lancement détection avec playwright_network
2026-03-09 08:39:47 | INFO | agendize_bot | Démarrage du monitor de slots.
2026-03-09 08:39:47 | INFO | agendize_bot | 🤖 Bot Agendize démarré.
2026-03-09 08:39:47 | INFO | agendize_bot | Lancement détection avec playwright_network
2026-03-09 08:40:02 | INFO | agendize_bot | Détection terminée | detector=playwright_network | slots=0 | new=0 | disappeared=0
2026-03-09 08:40:02 | INFO | agendize_bot | Prochaine vérification dans 22 sec.
2026-03-09 08:40:18 | INFO | agendize_bot | Démarrage du monitor de slots.
2026-03-09 08:40:18 | INFO | agendize_bot | 🤖 Bot Agendize démarré.
2026-03-09 08:40:18 | INFO | agendize_bot | Lancement détection avec playwright_network
2026-03-09 08:41:32 | INFO | agendize_bot | Détection terminée | detector=playwright_network | slots=0 | new=0 | disappeared=0
2026-03-09 08:41:32 | INFO | agendize_bot | Prochaine vérification dans 20 sec.
2026-03-09 08:41:52 | INFO | agendize_bot | Lancement détection avec playwright_network
2026-03-09 08:43:07 | INFO | agendize_bot | Détection terminée | detector=playwright_network | slots=0 | new=0 | disappeared=0
2026-03-09 08:43:07 | INFO | agendize_bot | Prochaine vérification dans 21 sec.
2026-03-09 08:43:28 | INFO | agendize_bot | Lancement détection avec playwright_network
2026-03-09 15:14:16 | INFO | agendize_bot | Démarrage du monitor de slots.
2026-03-09 15:14:16 | INFO | agendize_bot | 🤖 Bot Agendize démarré.
2026-03-09 15:14:16 | INFO | agendize_bot | Lancement détection avec playwright_network
2026-03-09 15:15:29 | INFO | agendize_bot | Détection terminée | detector=playwright_network | slots=0 | new=0 | disappeared=0
2026-03-09 15:15:29 | INFO | agendize_bot | Prochaine vérification dans 22 sec.
2026-03-09 15:15:51 | INFO | agendize_bot | Lancement détection avec playwright_network
2026-03-09 15:17:04 | INFO | agendize_bot | Détection terminée | detector=playwright_network | slots=0 | new=0 | disappeared=0
2026-03-09 15:17:04 | INFO | agendize_bot | Prochaine vérification dans 23 sec.
2026-03-09 15:17:27 | INFO | agendize_bot | Lancement détection avec playwright_network
2026-03-09 15:18:03 | INFO | agendize_bot | Démarrage du monitor de slots.
2026-03-09 15:18:03 | INFO | agendize_bot | 🤖 Bot Agendize démarré.
2026-03-09 15:18:03 | INFO | agendize_bot | Lancement détection avec playwright_network
2026-03-09 15:19:15 | INFO | agendize_bot | Détection terminée | detector=playwright_network | slots=0 | new=0 | disappeared=0
2026-03-09 15:19:15 | INFO | agendize_bot | Prochaine vérification dans 22 sec.
2026-03-09 15:19:37 | INFO | agendize_bot | Lancement détection avec playwright_network
2026-03-09 15:20:52 | INFO | agendize_bot | Détection terminée | detector=playwright_network | slots=0 | new=0 | disappeared=0
2026-03-09 15:20:52 | INFO | agendize_bot | Prochaine vérification dans 23 sec.
2026-03-09 15:21:15 | INFO | agendize_bot | Lancement détection avec playwright_network
